<?xml version="1.0" encoding="UTF-8"?>
<!-- Generated by org.testng.reporters.JUnitReportReporter -->
<testsuite skipped="0" hostname="VAIO" name="testcases.LogIn" tests="1" failures="0" timestamp="26 May 2018 09:08:42 GMT" time="42.403" errors="0">
  <testcase name="run" time="42.403" classname="testcases.LogIn"/>
</testsuite> <!-- testcases.LogIn -->
